GPU available: PhysicalDevice(name='/physical_device:GPU:0', device_type='GPU')
Using device: /GPU:0
Using dtype: float32
Model parameters: 50,177
Uniform grid: 128 × 128 = 16384 collocation points, 1024 IC points
Compiling tf.function (one-time) …
Training for 30000 epochs …
  epoch      1/30000  total=8.4816e+01  pde=1.2649e-01  ic=1.6938e+00
  epoch    500/30000  total=9.2198e-03  pde=8.7266e-03  ic=9.8631e-06
  epoch   1000/30000  total=4.3460e-03  pde=4.1237e-03  ic=4.4460e-06
  epoch   1500/30000  total=2.9302e-03  pde=2.4891e-03  ic=8.8222e-06
  epoch   2000/30000  total=1.7380e-03  pde=1.6046e-03  ic=2.6674e-06
  epoch   2500/30000  total=1.1491e-03  pde=1.0788e-03  ic=1.4055e-06
  epoch   3000/30000  total=8.2057e-04  pde=7.7466e-04  ic=9.1814e-07
  epoch   3500/30000  total=6.1879e-04  pde=5.7692e-04  ic=8.3728e-07
  epoch   4000/30000  total=2.0576e-03  pde=4.9822e-04  ic=3.1187e-05
  epoch   4500/30000  total=6.1144e-04  pde=3.8526e-04  ic=4.5237e-06
  epoch   5000/30000  total=3.3942e-04  pde=2.9956e-04  ic=7.9716e-07
  epoch   5500/30000  total=2.6533e-04  pde=2.3515e-04  ic=6.0363e-07
  epoch   6000/30000  total=7.4745e-04  pde=1.9544e-04  ic=1.1040e-05
  epoch   6500/30000  total=1.6980e-04  pde=1.5411e-04  ic=3.1394e-07
  epoch   7000/30000  total=1.5074e-04  pde=1.2768e-04  ic=4.6117e-07
  epoch   7500/30000  total=1.3784e-04  pde=1.1521e-04  ic=4.5257e-07
  epoch   8000/30000  total=2.6360e-02  pde=1.0555e-04  ic=5.2509e-04
  epoch   8500/30000  total=9.2981e-05  pde=8.2192e-05  ic=2.1578e-07
  epoch   9000/30000  total=4.9421e-04  pde=7.2500e-05  ic=8.4343e-06
  epoch   9500/30000  total=1.1233e-04  pde=6.1688e-05  ic=1.0128e-06
  epoch  10000/30000  total=2.5296e-04  pde=5.7881e-05  ic=3.9016e-06
  epoch  10500/30000  total=2.5651e-03  pde=5.2165e-05  ic=5.0259e-05
  epoch  11000/30000  total=1.9708e-04  pde=4.5738e-05  ic=3.0268e-06
  epoch  11500/30000  total=3.1823e-02  pde=5.3975e-05  ic=6.3538e-04
  epoch  12000/30000  total=1.1139e-04  pde=3.8419e-05  ic=1.4594e-06
  epoch  12500/30000  total=3.5330e-03  pde=3.9398e-05  ic=6.9873e-05
  epoch  13000/30000  total=4.9063e-05  pde=3.1562e-05  ic=3.5001e-07
  epoch  13500/30000  total=3.3316e-05  pde=2.8969e-05  ic=8.6936e-08
  epoch  14000/30000  total=3.8816e-04  pde=2.6802e-05  ic=7.2272e-06
  epoch  14500/30000  total=3.8835e-04  pde=2.4490e-05  ic=7.2772e-06
  epoch  15000/30000  total=3.9687e-03  pde=5.2578e-05  ic=7.8322e-05
  epoch  15500/30000  total=9.5768e-03  pde=2.8149e-05  ic=1.9097e-04
  epoch  16000/30000  total=5.3873e-05  pde=2.0287e-05  ic=6.7172e-07
  epoch  16500/30000  total=3.2124e-03  pde=2.1847e-05  ic=6.3810e-05
  epoch  17000/30000  total=5.1286e-04  pde=1.7156e-05  ic=9.9142e-06
  epoch  17500/30000  total=1.0040e-03  pde=1.9480e-05  ic=1.9689e-05
  epoch  18000/30000  total=1.8401e-05  pde=1.3958e-05  ic=8.8860e-08
  epoch  18500/30000  total=1.0799e-04  pde=1.8898e-05  ic=1.7819e-06
  epoch  19000/30000  total=1.6994e-03  pde=1.3061e-05  ic=3.3728e-05
  epoch  19500/30000  total=1.3292e-05  pde=1.1022e-05  ic=4.5411e-08
  epoch  20000/30000  total=1.1414e-05  pde=1.0300e-05  ic=2.2284e-08
  epoch  20500/30000  total=1.0327e-05  pde=9.4723e-06  ic=1.7090e-08
  epoch  21000/30000  total=2.0149e-05  pde=8.8294e-06  ic=2.2640e-07
  epoch  21500/30000  total=4.5939e-05  pde=9.1880e-06  ic=7.3502e-07
  epoch  22000/30000  total=8.4952e-05  pde=1.7044e-05  ic=1.3582e-06
  epoch  22500/30000  total=2.7291e-05  pde=7.2715e-06  ic=4.0039e-07
  epoch  23000/30000  total=1.3074e-04  pde=1.3530e-05  ic=2.3442e-06
  epoch  23500/30000  total=1.4176e-05  pde=6.3390e-06  ic=1.5674e-07
  epoch  24000/30000  total=7.2121e-06  pde=5.9470e-06  ic=2.5303e-08
  epoch  24500/30000  total=6.0564e-06  pde=5.5888e-06  ic=9.3518e-09
  epoch  25000/30000  total=6.9641e-06  pde=5.2827e-06  ic=3.3628e-08
  epoch  25500/30000  total=5.4333e-06  pde=4.9832e-06  ic=9.0017e-09
  epoch  26000/30000  total=4.2356e-05  pde=4.7195e-06  ic=7.5273e-07
  epoch  26500/30000  total=1.2069e-05  pde=4.4800e-06  ic=1.5178e-07
  epoch  27000/30000  total=4.7853e-06  pde=4.2523e-06  ic=1.0660e-08
  epoch  27500/30000  total=4.4437e-06  pde=4.0516e-06  ic=7.8432e-09
  epoch  28000/30000  total=4.2523e-06  pde=3.8700e-06  ic=7.6444e-09
  epoch  28500/30000  total=4.0783e-06  pde=3.7060e-06  ic=7.4458e-09
  epoch  29000/30000  total=3.9185e-06  pde=3.5560e-06  ic=7.2507e-09
  epoch  29500/30000  total=3.7816e-06  pde=3.4236e-06  ic=7.1596e-09
  epoch  30000/30000  total=3.6514e-06  pde=3.3074e-06  ic=6.8790e-09
Saved model weights to results/train_pinn/ic_gaussian/alpha_0p5/nu_0p1/epochs_30000/model.weights.h5
Saved loss plot to results/train_pinn/ic_gaussian/alpha_0p5/nu_0p1/epochs_30000/loss.png
Running spectral solver for comparison …
[DEBUG] spec_sol type=<class 'fracburgers.solution.Solution'>
[DEBUG] Creating PINN solution wrapper with to_solution()…
[DEBUG] pinn_sol type=<class 'fracburgers.solution.Solution'>
[DEBUG] pinn_sol(x=0, t=0) = [0.71794202] (shape=(1,))
[DEBUG] save_comparison_plot: pinn_sol type=<class 'fracburgers.solution.Solution'>, n_times=4
  t=0.5: u_pinn shape=(512,), nan=0, inf=0, min=-0.262022, max=0.660584
  t=1: u_pinn shape=(512,), nan=0, inf=0, min=-0.244366, max=0.581532
  t=1.5: u_pinn shape=(512,), nan=0, inf=0, min=-0.228754, max=0.506434
  t=2: u_pinn shape=(512,), nan=0, inf=0, min=-0.214732, max=0.443966
Saved comparison plot to results/train_pinn/ic_gaussian/alpha_0p5/nu_0p1/epochs_30000/comparison.png
Saved heat comparison plot to results/train_pinn/ic_gaussian/alpha_0p5/nu_0p1/epochs_30000/heat_comparison.png
Saved report to results/train_pinn/ic_gaussian/alpha_0p5/nu_0p1/epochs_30000/report.json
