GPU available: PhysicalDevice(name='/physical_device:GPU:0', device_type='GPU')
Using device: /GPU:0
Using dtype: float32
Model parameters: 50,177
Uniform grid: 128 × 128 = 16384 collocation points, 1024 IC points
Compiling tf.function (one-time) …
Training for 30000 epochs …
  epoch      1/30000  total=5.0873e+02  pde=4.4358e-03  ic=1.0175e+01
  epoch    500/30000  total=1.0999e-01  pde=7.7913e-02  ic=6.4163e-04
  epoch   1000/30000  total=4.6580e-02  pde=4.3417e-02  ic=6.3263e-05
  epoch   1500/30000  total=2.2688e-01  pde=2.2335e-01  ic=7.0578e-05
  epoch   2000/30000  total=8.9465e-03  pde=7.1744e-03  ic=3.5443e-05
  epoch   2500/30000  total=2.0085e-02  pde=1.9107e-02  ic=1.9560e-05
  epoch   3000/30000  total=1.2181e-02  pde=8.5196e-03  ic=7.3225e-05
  epoch   3500/30000  total=1.9856e-02  pde=1.9249e-02  ic=1.2149e-05
  epoch   4000/30000  total=1.4395e-03  pde=1.0631e-03  ic=7.5270e-06
  epoch   4500/30000  total=9.8646e-03  pde=9.2399e-03  ic=1.2494e-05
  epoch   5000/30000  total=2.2195e-02  pde=2.1337e-02  ic=1.7168e-05
  epoch   5500/30000  total=5.1237e-02  pde=4.9062e-02  ic=4.3502e-05
  epoch   6000/30000  total=1.8648e-03  pde=1.4512e-03  ic=8.2710e-06
  epoch   6500/30000  total=9.1911e-03  pde=8.3945e-03  ic=1.5931e-05
  epoch   7000/30000  total=1.7839e-02  pde=1.7316e-02  ic=1.0465e-05
  epoch   7500/30000  total=6.5108e-02  pde=6.2758e-02  ic=4.7002e-05
  epoch   8000/30000  total=2.5148e-02  pde=2.3023e-02  ic=4.2499e-05
  epoch   8500/30000  total=6.7923e-02  pde=6.5378e-02  ic=5.0911e-05
  epoch   9000/30000  total=1.4565e-02  pde=1.3710e-02  ic=1.7108e-05
  epoch   9500/30000  total=2.1270e-02  pde=1.8741e-02  ic=5.0568e-05
  epoch  10000/30000  total=3.8946e-03  pde=3.5573e-03  ic=6.7476e-06
  epoch  10500/30000  total=2.6998e-03  pde=1.8241e-03  ic=1.7514e-05
  epoch  11000/30000  total=2.8995e-03  pde=2.5359e-03  ic=7.2710e-06
  epoch  11500/30000  total=3.1588e-02  pde=2.9705e-02  ic=3.7653e-05
  epoch  12000/30000  total=1.5296e-03  pde=1.3605e-03  ic=3.3813e-06
  epoch  12500/30000  total=3.0744e-03  pde=2.7372e-03  ic=6.7440e-06
  epoch  13000/30000  total=1.1892e-03  pde=9.8615e-04  ic=4.0606e-06
  epoch  13500/30000  total=1.8050e-03  pde=1.2284e-03  ic=1.1532e-05
  epoch  14000/30000  total=1.2680e-03  pde=1.0271e-03  ic=4.8173e-06
  epoch  14500/30000  total=9.2945e-03  pde=8.8457e-03  ic=8.9765e-06
  epoch  15000/30000  total=2.2719e-03  pde=2.0114e-03  ic=5.2093e-06
  epoch  15500/30000  total=2.8997e-03  pde=2.6070e-03  ic=5.8541e-06
  epoch  16000/30000  total=5.7283e-04  pde=4.9679e-04  ic=1.5207e-06
  epoch  16500/30000  total=2.1699e-02  pde=2.0576e-02  ic=2.2456e-05
  epoch  17000/30000  total=3.1527e-04  pde=2.3920e-04  ic=1.5214e-06
  epoch  17500/30000  total=1.4083e-03  pde=1.3195e-03  ic=1.7757e-06
  epoch  18000/30000  total=9.9857e-04  pde=9.1404e-04  ic=1.6906e-06
  epoch  18500/30000  total=4.2222e-04  pde=3.7489e-04  ic=9.4647e-07
  epoch  19000/30000  total=3.9181e-04  pde=3.5788e-04  ic=6.7854e-07
  epoch  19500/30000  total=2.9080e-04  pde=2.4432e-04  ic=9.2967e-07
  epoch  20000/30000  total=2.8588e-04  pde=2.5816e-04  ic=5.5445e-07
  epoch  20500/30000  total=1.1598e-03  pde=1.0971e-03  ic=1.2547e-06
  epoch  21000/30000  total=1.2095e-04  pde=1.0291e-04  ic=3.6083e-07
  epoch  21500/30000  total=3.4064e-04  pde=3.2554e-04  ic=3.0202e-07
  epoch  22000/30000  total=2.7237e-04  pde=2.5693e-04  ic=3.0876e-07
  epoch  22500/30000  total=1.9500e-04  pde=1.7900e-04  ic=3.2003e-07
  epoch  23000/30000  total=1.5537e-04  pde=1.4053e-04  ic=2.9666e-07
  epoch  23500/30000  total=1.0262e-04  pde=9.1415e-05  ic=2.2410e-07
  epoch  24000/30000  total=8.5852e-05  pde=7.7457e-05  ic=1.6789e-07
  epoch  24500/30000  total=9.9926e-05  pde=8.9266e-05  ic=2.1321e-07
  epoch  25000/30000  total=1.9380e-04  pde=1.8125e-04  ic=2.5087e-07
  epoch  25500/30000  total=1.6555e-04  pde=1.3154e-04  ic=6.8015e-07
  epoch  26000/30000  total=7.2102e-05  pde=6.6130e-05  ic=1.1943e-07
  epoch  26500/30000  total=6.9361e-05  pde=6.3789e-05  ic=1.1145e-07
  epoch  27000/30000  total=8.8575e-05  pde=8.2136e-05  ic=1.2877e-07
  epoch  27500/30000  total=6.4349e-05  pde=5.9523e-05  ic=9.6506e-08
  epoch  28000/30000  total=6.2175e-05  pde=5.7648e-05  ic=9.0544e-08
  epoch  28500/30000  total=6.0172e-05  pde=5.5912e-05  ic=8.5188e-08
  epoch  29000/30000  total=5.8312e-05  pde=5.4290e-05  ic=8.0446e-08
  epoch  29500/30000  total=5.7408e-05  pde=5.3533e-05  ic=7.7487e-08
  epoch  30000/30000  total=6.0429e-05  pde=5.5936e-05  ic=8.9850e-08
Saved model weights to results/train_pinn/ic_sine/alpha_0p5/nu_0p1/epochs_30000/model.weights.h5
Saved loss plot to results/train_pinn/ic_sine/alpha_0p5/nu_0p1/epochs_30000/loss.png
Running spectral solver for comparison …
[DEBUG] spec_sol type=<class 'fracburgers.solution.Solution'>
[DEBUG] Creating PINN solution wrapper with to_solution()…
[DEBUG] pinn_sol type=<class 'fracburgers.solution.Solution'>
[DEBUG] pinn_sol(x=0, t=0) = [0.00025329] (shape=(1,))
[DEBUG] save_comparison_plot: pinn_sol type=<class 'fracburgers.solution.Solution'>, n_times=4
  t=0.5: u_pinn shape=(512,), nan=0, inf=0, min=-0.858199, max=1.17021
  t=1: u_pinn shape=(512,), nan=0, inf=0, min=-0.719168, max=1.17702
  t=1.5: u_pinn shape=(512,), nan=0, inf=0, min=-0.602916, max=1.02476
  t=2: u_pinn shape=(512,), nan=0, inf=0, min=-0.513938, max=0.88169
Saved comparison plot to results/train_pinn/ic_sine/alpha_0p5/nu_0p1/epochs_30000/comparison.png
Saved heat comparison plot to results/train_pinn/ic_sine/alpha_0p5/nu_0p1/epochs_30000/heat_comparison.png
Saved report to results/train_pinn/ic_sine/alpha_0p5/nu_0p1/epochs_30000/report.json
